<?xml version="1.0" encoding="UTF-8"?>
<!-- Generated by org.testng.reporters.JUnitReportReporter -->
<testsuite hostname="LAPTOP-3TRPJN2F" failures="0" tests="1" name="com.infy.testcases.LoginLogout" time="9.350" errors="0" timestamp="2023-10-20T23:03:33 IST" skipped="0">
  <testcase classname="com.infy.testcases.LoginLogout" name="verifyLoginLogout" time="9.350"/>
  <system-out/>
</testsuite> <!-- com.infy.testcases.LoginLogout -->
