<?xml version="1.0" encoding="UTF-8"?>
<!-- Generated by org.testng.reporters.JUnitReportReporter -->
<testsuite hostname="LAPTOP-3TRPJN2F" failures="0" tests="1" name="com.infy.testcases.E2EOrderProductsBelow$10" time="36.258" errors="0" timestamp="2023-12-14T19:53:35 IST" skipped="0">
  <testcase classname="com.infy.testcases.E2EOrderProductsBelow$10" name="orderProductsbelow10$" time="36.258"/>
  <system-out/>
</testsuite> <!-- com.infy.testcases.E2EOrderProductsBelow$10 -->
