<?xml version="1.0" encoding="UTF-8"?>
<!-- Generated by org.testng.reporters.JUnitReportReporter -->
<testsuite hostname="LAPTOP-3TRPJN2F" failures="0" tests="2" name="com.infy.testcases.LoginLogout" time="16.848" errors="0" timestamp="2023-10-21T17:22:45 IST" skipped="0">
  <testcase classname="com.infy.testcases.LoginLogout" name="verifyLoginWithGivenCredentials" time="7.637"/>
  <system-out/>
  <testcase classname="com.infy.testcases.LoginLogout" name="verifyLoginWithGivenCredentials" time="9.211"/>
  <system-out/>
</testsuite> <!-- com.infy.testcases.LoginLogout -->
