<?xml version="1.0" encoding="UTF-8"?>
<!-- Generated by org.testng.reporters.JUnitReportReporter -->
<testsuite hostname="LAPTOP-3TRPJN2F" failures="0" tests="1" name="com.infy.testcases.OrderProductsBelow$10" time="15.065" errors="0" timestamp="2023-10-21T18:11:20 IST" skipped="0">
  <testcase classname="com.infy.testcases.OrderProductsBelow$10" name="orderProductsbelow10$" time="15.065"/>
  <system-out/>
</testsuite> <!-- com.infy.testcases.OrderProductsBelow$10 -->
