<?xml version="1.0" encoding="UTF-8"?>
<!-- Generated by org.testng.reporters.JUnitReportReporter -->
<testsuite hostname="LAPTOP-3TRPJN2F" failures="0" tests="1" name="com.infy.testcases.LoginLogoutFunctionality" time="18.252" errors="0" timestamp="2023-12-14T19:55:17 IST" skipped="0">
  <testcase classname="com.infy.testcases.LoginLogoutFunctionality" name="verifyLoginLogoutFunctionality" time="18.252"/>
  <system-out/>
</testsuite> <!-- com.infy.testcases.LoginLogoutFunctionality -->
