<?xml version="1.0" encoding="UTF-8"?>
<!-- Generated by org.testng.reporters.JUnitReportReporter -->
<testsuite hostname="LAPTOP-3TRPJN2F" failures="0" tests="3" name="com.infy.testcases.LoginLogout" time="25.707" errors="0" timestamp="2023-10-21T18:21:58 IST" skipped="0">
  <testcase classname="com.infy.testcases.LoginLogout" name="verifyLoginWithGivenCredentials" time="8.273"/>
  <system-out/>
  <testcase classname="com.infy.testcases.LoginLogout" name="verifyLoginWithGivenCredentials" time="9.711"/>
  <system-out/>
  <testcase classname="com.infy.testcases.LoginLogout" name="verifyLoginWithGivenCredentials" time="7.723"/>
  <system-out/>
</testsuite> <!-- com.infy.testcases.LoginLogout -->
