<?xml version="1.0" encoding="UTF-8"?>
<!-- Generated by org.testng.reporters.JUnitReportReporter -->
<testsuite hostname="LAPTOP-3TRPJN2F" failures="0" tests="3" name="com.infy.testcases.LoginLogout" time="34.030" errors="0" timestamp="2023-10-19T10:24:33 IST" skipped="0">
  <testcase classname="com.infy.testcases.LoginLogout" name="verifyLoginLogout" time="10.675"/>
  <system-out/>
  <testcase classname="com.infy.testcases.LoginLogout" name="verifyLogIn" time="8.977"/>
  <system-out/>
  <testcase classname="com.infy.testcases.LoginLogout" name="verifyLogIn" time="14.378"/>
  <system-out/>
</testsuite> <!-- com.infy.testcases.LoginLogout -->
